>>>>>>>>>>>>
> Change log v.0.1
> Thu Aug 15 14:54:23 SAST 2013
<<<<<<<<<<<<
#TODO
Fix inserts to relate to new tables structures and field types
Fix mtams.insert.sql
Fix mtams.insert.app.sql
 Add country entries for the following missing currency entries to satisfy constraints

--INSERT INTO CURRENCY (COUNTRYNAME,CURRENCYNAME,CODE2,CODE3,CURRENCYCODE3) VALUES ('Curaçao','Netherlands Antillean Guilder','CW','CUW','ANG');
--INSERT INTO CURRENCY (COUNTRYNAME,CURRENCYNAME,CODE2,CODE3,CURRENCYCODE3) VALUES ('South Sudan','South Sudanese Pound','SS','SSD','SSP');
--INSERT INTO CURRENCY (COUNTRYNAME,CURRENCYNAME,CODE2,CODE3,CURRENCYCODE3) VALUES ('Sint Maarten (Dutch part)','Netherlands Antillean Guilder','SX','SXM','ANG');


Changed names form plural to singular
CITIES
COUNTRIES
REGIONS

fixed constraints, primary & foreign keys for 
ACCOUNTDEPARTMENT
CITY
COUNTRY
REGION

Removed composite primary key constraint on these tables
SESSION
CURRENCY

Changed order of table creation and drop to satisfy constraints


>>>>>>>>>>>>
> Change log v.0.1
> Thu Aug 15 14:54:23 SAST 2013
<<<<<<<<<<<<


Added the following files 

change.log
mtams.create.sql # complete create includeing worlddb currency country etc
mtams.drop.sql # complete create includeing worlddb currency country etc
mtams.insert.app.sql
mtams.insert.datalookup.sql
mtams.insert.sql
mtams-worlddb.create.sql
mtams-worlddb.data.javadb.sql
mtams-worlddb.data.reduce.sql # use this file for loading country city currency data
mtams-worlddb.drop.sql

Key
< Line removed 
> line added

CREATE TABLE "ITINERARY" (

<  "DESTINATIONY" VARCHAR(45) DEFAULT NULL,

>  "DESTINATION_CITY" VARCHAR(45) DEFAULT NULL,
>  "DESTINATION_COUNTRY" VARCHAR(45) DEFAULT NULL,

CREATE TABLE "FINALCOSTING" (

>  "CURRENCY" VARCHAR(45) DEFAULT NULL,

CREATE TABLE "FLIGHTQUOTES" (

<  "FLIGHTFROM" VARCHAR(45) DEFAULT NULL,
<  "FLIGHTTO" VARCHAR(45) DEFAULT NULL,

>  "FLIGHTFROM_COUNTRY" VARCHAR(45) DEFAULT NULL,
>  "FLIGHTFROM_CITY" VARCHAR(45) DEFAULT NULL,
>  "FLIGHTTO_COUNTRY" VARCHAR(45) DEFAULT NULL,
>  "FLIGHTTO_CITY" VARCHAR(45) DEFAULT NULL,

>  "QUOTECOST" VARCHAR(45) DEFAULT NULL,
>  "CURRENCY" VARCHAR(45) DEFAULT NULL,

CREATE TABLE "CARQUOTES" (

>  "QUOTECOST" FLOAT  DEFAULT NULL,
>  "CURRENCY" VARCHAR(45) DEFAULT NULL,

CREATE TABLE "ACCOMODATIONQUOTES" (

>  "QUOTECOST" FLOAT  DEFAULT NULL,
>  "CURRENCY" VARCHAR(45) DEFAULT NULL,

CREATE TABLE "MOTIVATION" (

>  "AMOUNT" FLOAT DEFAULT NULL,
>  "CURRENCY" VARCHAR(45) DEFAULT NULL,

CREATE TABLE "FOREXORDER" (

>  "TRAVELERSCHEQUES" FLOAT DEFAULT NULL,
>  "CURRENCY" FLOAT DEFAULT NULL,
>  "CASH" FLOAT DEFAULT NULL,
>  "CASHPASSPORT" FLOAT DEFAULT NULL,
>  "CCPAYMENTAMOUNT" FLOAT DEFAULT NULL,

> CREATE TABLE "DEPARTMENT" (
>   "DEPARTMENT" VARCHAR(45) NOT NULL DEFAULT 'ADMINISTRATION',
>   "IDDEPARTMENT" INT NOT NULL,
>   PRIMARY KEY ("IDDEPARTMENT")
> );
 
> CREATE TABLE "ACCOUNTDEPARTMENT" (
>   "IDACCOUNT" INT NOT NULL,
> "IDDEPARTMENT" INT NOT NULL,
>   "IDACCOUNTDEPARTMENT" INT NOT NULL,
>   PRIMARY KEY ("IDACCOUNTDEPARTMENT")
> );

# Insert of country region city currency

> --
> -- ------------------------------------------------------
> --
> -- ----------------------------
> -- TABLE STRUCTURE FOR "CITIES"
> -- ----------------------------
> --DROP TABLE IF EXISTS "CITIES";
> CREATE TABLE "CITIES" (
>   "ID" INT NOT NULL,
>   "COUNTRY" VARCHAR(2) NOT NULL,
>   "REGION" VARCHAR(3) NOT NULL,
>   "URL" VARCHAR(50) NOT NULL,
>   "NAME" VARCHAR(50) NOT NULL,
>   "LATITUDE" FLOAT NOT NULL,
>   "LONGITUDE" FLOAT NOT NULL,
>   PRIMARY KEY  ("ID")
> --  UNIQUE KEY "COUNTRY" USING BTREE ("COUNTRY","NAME","REGION")
> ); 
> 
> --
> -- ------------------------------------------------------
> --
> -- ----------------------------
> -- TABLE STRUCTURE FOR "COUNTRIES"
> -- ----------------------------
> --DROP TABLE IF EXISTS "COUNTRIES";
> CREATE TABLE "COUNTRIES" (
>   "CODE2" VARCHAR(2) NOT NULL,
>   "CODE3" VARCHAR(3) NOT NULL,
>   "URL" VARCHAR(50) NOT NULL,
>   "NAME" VARCHAR(50) NOT NULL,
>   "LATITUDE" FLOAT NOT NULL,
>   "LONGITUDE" FLOAT NOT NULL,
>   "REGIONS" INT NOT NULL,
>   PRIMARY KEY  ("CODE2")
> --  UNIQUE KEY "NAME" USING BTREE ("NAME"),
> --  KEY "URL" ("URL")
> ); 
> 
> --
> -- ------------------------------------------------------
> --
> -- ----------------------------
> -- TABLE STRUCTURE FOR "REGIONS"
> -- ----------------------------
> --DROP TABLE IF EXISTS "REGIONS";
> CREATE TABLE "REGIONS" (
> --  "ID" INT(4) UNSIGNED NOT NULL AUTO_INCREMENT,
> --  "ID" INT NOT NULL GENERATED ALWAYS AS IDENTITY (START WITH 1, INCREMENT BY 1) ,
>   "ID" INT NOT NULL,
>   "COUNTRY" VARCHAR(2) NOT NULL,
>   "CODE"VARCHAR(3) NOT NULL,
>   "URL" VARCHAR(50) NOT NULL,
>   "NAME" VARCHAR(50) NOT NULL,
>   "LATITUDE" FLOAT NOT NULL,
>   "LONGITUDE" FLOAT NOT NULL,
>   "CITIES" INT NOT NULL,
>   PRIMARY KEY  ("ID")
> --  UNIQUE KEY "COUNTRYCODE" ("COUNTRY","CODE"),
> --  UNIQUE KEY "COUNTRYCODE_2" ("COUNTRY","NAME")
> );
> 
> --
> -- ------------------------------------------------------
> --
> -- ----------------------------
> -- TABLE STRUCTURE FOR "CURRENCY"
> -- ----------------------------
> --DROP TABLE IF EXISTS "CURRENCY";
> CREATE TABLE "CURRENCY" (
>   "COUNTRYNAME" VARCHAR(70) NOT NULL,
>   "CURRENCYNAME" VARCHAR(50) NOT NULL,
>   "CODE2"VARCHAR(2) NOT NULL,
>   "CODE3"VARCHAR(3) NOT NULL,
>   "CURRENCYCODE3"VARCHAR(3) NOT NULL,
>   PRIMARY KEY  ("CODE2","CODE3","CURRENCYCODE3")
> );
> 
